2024-07-10 00:33:54; INFO; User Session Manager; 12252; 12096] OnPowerChange Start
2024-07-10 00:33:54; INFO; User Session Manager; 12252; 12096] OnPowerChange End
2024-07-10 15:36:10; INFO; Aura Pluing; 12252; 13264] [AuraListener] DataCollection24hr Trigger data collection !!
2024-07-10 15:36:10; INFO; User Session Manager; 12252; 12096] OnDeviceChange Start
2024-07-10 15:36:10; INFO; User Session Manager; 12252; 12096] OnDeviceChange End
2024-07-10 15:36:10; INFO; Utility Plugin; 12252; 12652] Enter NotifyBitLockerStatus()
2024-07-10 15:36:10; INFO; Utility Plugin; 12252; 12652] IsBitLockerEnabled: Before System Folder
2024-07-10 15:36:10; INFO; Utility Plugin; 12252; 12652] IsBitLockerEnabled: After System Folder is C:\Windows\system32
2024-07-10 15:36:10; INFO; Utility Plugin; 12252; 12652] IsBitLockerEnabled: Before IsBitLockerEnabled()
2024-07-10 15:36:11; INFO; Aura Pluing; 12252; 13264] Start InsertData to UserBehavior.
2024-07-10 15:36:11; INFO; Aura Pluing; 12252; 13264] CallLibrary Start
2024-07-10 15:36:11; INFO; Aura Pluing; 12252; 13264] CallLibrary End
2024-07-10 15:36:11; INFO; Aura Pluing; 12252; 13264] CallLibrary Start
2024-07-10 15:36:11; INFO; Aura Pluing; 12252; 13264] CallLibrary End
2024-07-10 15:36:11; ERROR; Aura Pluing; 12252; 13264] End InsertData to AuraPlugin, result:0x80004005.
2024-07-10 15:36:11; INFO; Utility Plugin; 12252; 12652] IsBitLockerEnabled: Try Get ConversaionStatus
2024-07-10 15:36:11; INFO; Utility Plugin; 12252; 12652] IsBitLockerEnabled: Finish Get ConversaionStatus
2024-07-10 15:36:11; INFO; Utility Plugin; 12252; 12652] IsBitLockerEnabled: Before release COM
2024-07-10 15:36:11; INFO; Utility Plugin; 12252; 12652] IsBitLockerEnabled: After release COM
2024-07-10 15:36:11; INFO; Utility Plugin; 12252; 12652] IsBitLockerEnabled: After IsBitLockerEnabled() = 1
2024-07-10 15:36:11; INFO; Utility Plugin; 12252; 12652] Becuase bitlocker status is the same, does not need to notify bios

2024-07-10 15:36:11; INFO; Utility Plugin; 12252; 12652] NotifyBitLockerStatus() Finish
2024-07-10 15:36:11; INFO; User Session Manager; 12252; 12096] OnPowerChange Start
2024-07-10 15:36:11; INFO; User Session Manager; 12252; 12096] OnPowerChange End
2024-07-10 15:36:11; INFO; User Session Manager; 12252; 12096] OnPowerChange Start
2024-07-10 15:36:11; INFO; User Session Manager; 12252; 12096] OnPowerChange End
2024-07-10 15:36:11; INFO; Loopback Stream; 12252; 27968] CallLibrary Start
2024-07-10 15:36:11; INFO; Loopback Stream; 12252; 27968] CallLibrary End
2024-07-10 15:36:12; INFO; User Session Manager; 12252; 12096] OnPowerChange Start
2024-07-10 15:36:12; INFO; User Session Manager; 12252; 12096] OnPowerChange End
2024-07-10 15:36:12; CRITICAL; Utility Plugin; 12252; 12652] OnPowerChange(GUID_CONSOLE_DISPLAY_STATE): eventType:32787, Display On
2024-07-10 15:36:12; INFO; Utility Plugin; 12252; 12652] open display notiy bios bitlocker status
2024-07-10 15:36:12; INFO; Utility Plugin; 12252; 12652] Enter NotifyBitLockerStatus()
2024-07-10 15:36:12; INFO; Utility Plugin; 12252; 12652] IsBitLockerEnabled: Before System Folder
2024-07-10 15:36:12; INFO; Utility Plugin; 12252; 12652] IsBitLockerEnabled: After System Folder is C:\Windows\system32
2024-07-10 15:36:12; INFO; Utility Plugin; 12252; 12652] IsBitLockerEnabled: Before IsBitLockerEnabled()
2024-07-10 15:36:12; INFO; Utility Plugin; 12252; 12652] IsBitLockerEnabled: Try Get ConversaionStatus
2024-07-10 15:36:12; INFO; Utility Plugin; 12252; 12652] IsBitLockerEnabled: Finish Get ConversaionStatus
2024-07-10 15:36:12; INFO; Utility Plugin; 12252; 12652] IsBitLockerEnabled: Before release COM
2024-07-10 15:36:12; INFO; Utility Plugin; 12252; 12652] IsBitLockerEnabled: After release COM
2024-07-10 15:36:12; INFO; Utility Plugin; 12252; 12652] IsBitLockerEnabled: After IsBitLockerEnabled() = 1
2024-07-10 15:36:12; INFO; Utility Plugin; 12252; 12652] CheckPCR7Stats() Enter
2024-07-10 15:36:12; INFO; Utility Plugin; 12252; 12652] m_uiPCR7BindingStatus = 3
2024-07-10 15:36:12; INFO; Utility Plugin; 12252; 12652] CheckPCR7Stats() Finish, successful
2024-07-10 15:36:12; INFO; Utility Plugin; 12252; 12652] IsBitLockerEnabled: Before Two_WMIMethod_INT()
2024-07-10 15:36:12; INFO; Utility Plugin; 12252; 12652] dwBitLockerEnable = 1 ; m_b2023Project = 0 ; m_uiPCR7BindingStatus = 3
2024-07-10 15:36:12; INFO; Utility Plugin; 12252; 12652] IsBitLockerEnabled: After Two_WMIMethod_INT()
2024-07-10 15:36:12; INFO; Utility Plugin; 12252; 12652] Fail because bios does not support WMI ID 0x00060096

2024-07-10 15:36:12; INFO; Utility Plugin; 12252; 12652] NotifyBitLockerStatus() Finish
2024-07-10 15:36:18; INFO; User Session Manager; 12252; 12096] OnDeviceChange Start
2024-07-10 15:36:18; INFO; User Session Manager; 12252; 12096] OnDeviceChange End
2024-07-10 15:36:18; INFO; User Session Manager; 12252; 12096] OnDeviceChange Start
2024-07-10 15:36:18; INFO; User Session Manager; 12252; 12096] OnDeviceChange End
2024-07-10 15:36:20; INFO; User Session Manager; 12252; 12096] OnSessionChange Start
2024-07-10 15:36:20; INFO; User Session Manager; 12252; 12096] OnSessionChange End
2024-07-10 15:36:20; ERROR; SoulKey Plugin; 12252; 12524] UserSession:1, OnSessionChange: Event:8
2024-07-10 15:36:20; INFO; Utility Plugin; 12252; 12652] SessionChange-Login notify bitlocker status
2024-07-10 15:36:20; INFO; Utility Plugin; 12252; 12652] Enter NotifyBitLockerStatus()
2024-07-10 15:36:20; INFO; Utility Plugin; 12252; 12652] IsBitLockerEnabled: Before System Folder
2024-07-10 15:36:20; INFO; Utility Plugin; 12252; 12652] IsBitLockerEnabled: After System Folder is C:\Windows\system32
2024-07-10 15:36:20; INFO; Utility Plugin; 12252; 12652] IsBitLockerEnabled: Before IsBitLockerEnabled()
2024-07-10 15:36:20; INFO; Utility Plugin; 12252; 12652] IsBitLockerEnabled: Try Get ConversaionStatus
2024-07-10 15:36:20; INFO; Utility Plugin; 12252; 12652] IsBitLockerEnabled: Finish Get ConversaionStatus
2024-07-10 15:36:20; INFO; Utility Plugin; 12252; 12652] IsBitLockerEnabled: Before release COM
2024-07-10 15:36:20; INFO; Utility Plugin; 12252; 12652] IsBitLockerEnabled: After release COM
2024-07-10 15:36:20; INFO; Utility Plugin; 12252; 12652] IsBitLockerEnabled: After IsBitLockerEnabled() = 1
2024-07-10 15:36:20; INFO; Utility Plugin; 12252; 12652] CheckPCR7Stats() Enter
2024-07-10 15:36:20; INFO; Utility Plugin; 12252; 12652] m_uiPCR7BindingStatus = 3
2024-07-10 15:36:20; INFO; Utility Plugin; 12252; 12652] CheckPCR7Stats() Finish, successful
2024-07-10 15:36:20; INFO; Utility Plugin; 12252; 12652] IsBitLockerEnabled: Before Two_WMIMethod_INT()
2024-07-10 15:36:20; INFO; Utility Plugin; 12252; 12652] dwBitLockerEnable = 1 ; m_b2023Project = 0 ; m_uiPCR7BindingStatus = 3
2024-07-10 15:36:20; INFO; Utility Plugin; 12252; 12652] IsBitLockerEnabled: After Two_WMIMethod_INT()
2024-07-10 15:36:20; INFO; Utility Plugin; 12252; 12652] Fail because bios does not support WMI ID 0x00060096

2024-07-10 15:36:20; INFO; Utility Plugin; 12252; 12652] NotifyBitLockerStatus() Finish
2024-07-10 15:36:38; INFO; Loopback Stream; 12252; 26524] CallLibrary Start
2024-07-10 15:36:38; INFO; Loopback Stream; 12252; 26524] CallLibrary End
2024-07-10 15:36:45; INFO; User Session Manager; 12252; 12096] OnRegisteredWindowMessage Start
2024-07-10 15:36:45; INFO; User Session Manager; 12252; 12096] OnRegisteredWindowMessage End
2024-07-10 15:36:45; INFO; User Session Manager; 12252; 12096] OnRegisteredWindowMessage Start
2024-07-10 15:36:45; INFO; User Session Manager; 12252; 12096] OnRegisteredWindowMessage End
2024-07-10 15:36:45; INFO; Loopback Stream; 12252; 37020] CallLibrary Start
2024-07-10 15:36:45; INFO; Throttle Plugin; 12252; 37020] DisplayThrottleOSD: OSDType 1, OSDMessage 255, PopToast 1, Result 1
2024-07-10 15:36:45; INFO; Loopback Stream; 12252; 37020] CallLibrary End
2024-07-10 15:36:46; INFO; User Session Manager; 12252; 12096] OnPowerChange Start
2024-07-10 15:36:46; INFO; User Session Manager; 12252; 12096] OnPowerChange End
2024-07-10 15:36:46; INFO; User Session Manager; 12252; 12096] OnPowerChange Start
2024-07-10 15:36:46; INFO; User Session Manager; 12252; 12096] OnPowerChange End
2024-07-10 15:36:47; INFO; GameVisual Plugin; 12252; 14104] GameVisualPlugin::ResetGVMode(): ResetGVMode() reason = WM_DISPLAYCHANGE
2024-07-10 15:36:47; ERROR; GameVisual Plugin; 12252; 14104] GameVisualPlugin::QueryDispConf(): GetDisplayConfigBufferSizes return 0x00000000

2024-07-10 15:36:47; INFO; User Session Manager; 12252; 12096] OnRegisteredWindowMessage Start
2024-07-10 15:36:47; INFO; User Session Manager; 12252; 12096] OnRegisteredWindowMessage End
2024-07-10 15:36:48; ERROR; GameVisual Plugin; 12252; 14104] GameVisualPlugin::QueryDispConf(): GetDisplayConfigBufferSizes return 0x00000000

2024-07-10 15:36:48; INFO; GameVisual Plugin; 12252; 14104] GameVisualPlugin::GetIsGameVisualSupportedCurrentDisplayTopology(): topology_id = 1
2024-07-10 15:36:48; INFO; GameVisual Plugin; 12252; 14104] GameVisualPlugin::ResetGVMode(): RequestSplendid(200, 0, 50) Result = 0
2024-07-10 15:36:48; INFO; GameVisual Plugin; 12252; 14104] GameVisualPlugin::ResetGVMode(): SetGVModeCoreNoCheck(11) Result = 0
2024-07-10 15:36:57; INFO; User Session Manager; 12252; 12096] OnDeviceChange Start
2024-07-10 15:36:57; INFO; User Session Manager; 12252; 12096] OnDeviceChange End
2024-07-10 15:37:02; INFO; User Session Manager; 12252; 12096] OnRegisteredWindowMessage Start
2024-07-10 15:37:02; INFO; User Session Manager; 12252; 12096] OnRegisteredWindowMessage End
2024-07-10 15:37:02; INFO; Loopback Stream; 12252; 33688] CallLibrary Start
2024-07-10 15:37:02; INFO; Throttle Plugin; 12252; 33688] DisplayThrottleOSD: OSDType 1, OSDMessage 255, PopToast 1, Result 1
2024-07-10 15:37:02; INFO; Loopback Stream; 12252; 33688] CallLibrary End
2024-07-10 15:37:02; INFO; User Session Manager; 12252; 12096] OnRegisteredWindowMessage Start
2024-07-10 15:37:02; INFO; User Session Manager; 12252; 12096] OnRegisteredWindowMessage End
2024-07-10 15:37:02; INFO; User Session Manager; 12252; 12096] OnPowerChange Start
2024-07-10 15:37:02; INFO; User Session Manager; 12252; 12096] OnPowerChange End
2024-07-10 15:37:04; INFO; User Session Manager; 12252; 12096] OnPowerChange Start
2024-07-10 15:37:04; INFO; User Session Manager; 12252; 12096] OnPowerChange End
2024-07-10 15:37:04; INFO; GameVisual Plugin; 12252; 14104] GameVisualPlugin::ResetGVMode(): ResetGVMode() reason = WM_DISPLAYCHANGE
2024-07-10 15:37:04; ERROR; GameVisual Plugin; 12252; 14104] GameVisualPlugin::QueryDispConf(): GetDisplayConfigBufferSizes return 0x00000000

2024-07-10 15:37:04; ERROR; GameVisual Plugin; 12252; 14104] GameVisualPlugin::QueryDispConf(): GetDisplayConfigBufferSizes return 0x00000000

2024-07-10 15:37:04; INFO; GameVisual Plugin; 12252; 14104] GameVisualPlugin::GetIsGameVisualSupportedCurrentDisplayTopology(): topology_id = 1
2024-07-10 15:37:06; INFO; User Session Manager; 12252; 12096] OnRegisteredWindowMessage Start
2024-07-10 15:37:06; INFO; User Session Manager; 12252; 12096] OnRegisteredWindowMessage End
2024-07-10 15:37:06; INFO; GameVisual Plugin; 12252; 14104] GameVisualPlugin::ResetGVMode(): RequestSplendid(200, 0, 50) Result = 0
2024-07-10 15:37:08; INFO; Loopback Stream; 12252; 18604] CallLibrary Start
2024-07-10 15:37:08; INFO; Loopback Stream; 12252; 18604] CallLibrary End
2024-07-10 15:37:08; INFO; GameVisual Plugin; 12252; 14104] GameVisualPlugin::ResetGVMode(): SetGVModeCoreNoCheck(11) Result = 0
2024-07-10 15:37:10; INFO; User Session Manager; 12252; 12096] OnPowerChange Start
2024-07-10 15:37:10; INFO; User Session Manager; 12252; 12096] OnPowerChange End
2024-07-10 15:37:11; INFO; Loopback Stream; 12252; 33120] CallLibrary Start
2024-07-10 15:37:11; INFO; Throttle Plugin; 12252; 33120] DisplayThrottleOSD: OSDType 1, OSDMessage 255, PopToast 1, Result 1
2024-07-10 15:37:11; INFO; Loopback Stream; 12252; 33120] CallLibrary End
2024-07-10 15:37:11; INFO; User Session Manager; 12252; 12096] OnPowerChange Start
2024-07-10 15:37:11; INFO; User Session Manager; 12252; 12096] OnPowerChange End
2024-07-10 15:37:11; INFO; User Session Manager; 12252; 12096] OnRegisteredWindowMessage Start
2024-07-10 15:37:11; INFO; User Session Manager; 12252; 12096] OnRegisteredWindowMessage End
2024-07-10 15:37:11; INFO; User Session Manager; 12252; 12096] OnRegisteredWindowMessage Start
2024-07-10 15:37:11; INFO; User Session Manager; 12252; 12096] OnRegisteredWindowMessage End
2024-07-10 15:37:11; INFO; GameVisual Plugin; 12252; 14104] GameVisualPlugin::ResetGVMode(): ResetGVMode() reason = WM_DISPLAYCHANGE
2024-07-10 15:37:11; ERROR; GameVisual Plugin; 12252; 14104] GameVisualPlugin::QueryDispConf(): GetDisplayConfigBufferSizes return 0x00000000

2024-07-10 15:37:11; INFO; User Session Manager; 12252; 12096] OnPowerChange Start
2024-07-10 15:37:11; INFO; User Session Manager; 12252; 12096] OnPowerChange End
2024-07-10 15:37:11; INFO; User Session Manager; 12252; 12096] OnRegisteredWindowMessage Start
2024-07-10 15:37:11; INFO; User Session Manager; 12252; 12096] OnRegisteredWindowMessage End
2024-07-10 15:37:12; ERROR; GameVisual Plugin; 12252; 14104] GameVisualPlugin::QueryDispConf(): GetDisplayConfigBufferSizes return 0x00000000

2024-07-10 15:37:12; INFO; GameVisual Plugin; 12252; 14104] GameVisualPlugin::GetIsGameVisualSupportedCurrentDisplayTopology(): topology_id = 1
2024-07-10 15:37:12; INFO; GameVisual Plugin; 12252; 14104] GameVisualPlugin::ResetGVMode(): RequestSplendid(200, 0, 50) Result = 0
2024-07-10 15:37:12; INFO; GameVisual Plugin; 12252; 14104] GameVisualPlugin::ResetGVMode(): SetGVModeCoreNoCheck(11) Result = 0
2024-07-10 15:37:38; INFO; Loopback Stream; 12252; 35436] CallLibrary Start
2024-07-10 15:37:38; INFO; Loopback Stream; 12252; 35436] CallLibrary End
2024-07-10 15:38:00; INFO; User Session Manager; 12252; 12096] OnDeviceChange Start
2024-07-10 15:38:00; INFO; User Session Manager; 12252; 12096] OnDeviceChange End
2024-07-10 15:38:01; INFO; User Session Manager; 12252; 12096] OnDeviceChange Start
2024-07-10 15:38:01; INFO; User Session Manager; 12252; 12096] OnDeviceChange End
2024-07-10 15:38:08; INFO; Loopback Stream; 12252; 40288] CallLibrary Start
2024-07-10 15:38:08; INFO; Loopback Stream; 12252; 40288] CallLibrary End
2024-07-10 15:38:38; INFO; Loopback Stream; 12252; 40816] CallLibrary Start
2024-07-10 15:38:38; INFO; Loopback Stream; 12252; 40816] CallLibrary End
2024-07-10 15:39:08; INFO; Loopback Stream; 12252; 7296] CallLibrary Start
2024-07-10 15:39:08; INFO; Loopback Stream; 12252; 7296] CallLibrary End
2024-07-10 15:39:38; INFO; Loopback Stream; 12252; 21112] CallLibrary Start
2024-07-10 15:39:38; INFO; Loopback Stream; 12252; 21112] CallLibrary End
2024-07-10 15:40:08; INFO; Loopback Stream; 12252; 38260] CallLibrary Start
2024-07-10 15:40:08; INFO; Loopback Stream; 12252; 38260] CallLibrary End
2024-07-10 15:40:38; INFO; Loopback Stream; 12252; 38124] CallLibrary Start
2024-07-10 15:40:38; INFO; Loopback Stream; 12252; 38124] CallLibrary End
2024-07-10 15:41:08; INFO; Loopback Stream; 12252; 38688] CallLibrary Start
2024-07-10 15:41:08; INFO; Loopback Stream; 12252; 38688] CallLibrary End
2024-07-10 15:41:38; INFO; Loopback Stream; 12252; 19008] CallLibrary Start
2024-07-10 15:41:38; INFO; Loopback Stream; 12252; 19008] CallLibrary End
2024-07-10 15:42:08; INFO; Loopback Stream; 12252; 39548] CallLibrary Start
2024-07-10 15:42:08; INFO; Loopback Stream; 12252; 39548] CallLibrary End
2024-07-10 15:42:38; INFO; Loopback Stream; 12252; 32060] CallLibrary Start
2024-07-10 15:42:38; INFO; Loopback Stream; 12252; 32060] CallLibrary End
2024-07-10 15:43:08; INFO; Loopback Stream; 12252; 2952] CallLibrary Start
2024-07-10 15:43:08; INFO; Loopback Stream; 12252; 2952] CallLibrary End
2024-07-10 15:43:38; INFO; Loopback Stream; 12252; 34972] CallLibrary Start
2024-07-10 15:43:38; INFO; Loopback Stream; 12252; 34972] CallLibrary End
2024-07-10 15:44:08; INFO; Loopback Stream; 12252; 13856] CallLibrary Start
2024-07-10 15:44:08; INFO; Loopback Stream; 12252; 13856] CallLibrary End
2024-07-10 15:44:38; INFO; Loopback Stream; 12252; 39024] CallLibrary Start
2024-07-10 15:44:38; INFO; Loopback Stream; 12252; 39024] CallLibrary End
2024-07-10 15:45:06; INFO; User Session Manager; 12252; 12096] OnDeviceChange Start
2024-07-10 15:45:06; INFO; User Session Manager; 12252; 12096] OnDeviceChange End
2024-07-10 15:45:08; INFO; Loopback Stream; 12252; 32512] CallLibrary Start
2024-07-10 15:45:08; INFO; Loopback Stream; 12252; 32512] CallLibrary End
2024-07-10 15:45:38; INFO; Loopback Stream; 12252; 4204] CallLibrary Start
2024-07-10 15:45:38; INFO; Loopback Stream; 12252; 4204] CallLibrary End
2024-07-10 15:46:08; INFO; Loopback Stream; 12252; 9232] CallLibrary Start
2024-07-10 15:46:08; INFO; Loopback Stream; 12252; 9232] CallLibrary End
2024-07-10 15:46:38; INFO; Loopback Stream; 12252; 39716] CallLibrary Start
2024-07-10 15:46:38; INFO; Loopback Stream; 12252; 39716] CallLibrary End
2024-07-10 15:47:08; INFO; Loopback Stream; 12252; 32172] CallLibrary Start
2024-07-10 15:47:08; INFO; Loopback Stream; 12252; 32172] CallLibrary End
2024-07-10 15:47:38; INFO; Loopback Stream; 12252; 17876] CallLibrary Start
2024-07-10 15:47:38; INFO; Loopback Stream; 12252; 17876] CallLibrary End
2024-07-10 15:48:08; INFO; Loopback Stream; 12252; 10616] CallLibrary Start
2024-07-10 15:48:08; INFO; Loopback Stream; 12252; 10616] CallLibrary End
2024-07-10 15:48:38; INFO; Loopback Stream; 12252; 26500] CallLibrary Start
2024-07-10 15:48:38; INFO; Loopback Stream; 12252; 26500] CallLibrary End
2024-07-10 15:48:53; WARNING; AEF Core; 12252; 15584] Get Asus Device Change Message msg:7, device:64, modelname:FX506HE, id:
2024-07-10 15:48:53; INFO; Aura Pluing; 12252; 15584] CallLibrary Start
2024-07-10 15:48:53; INFO; Aura Pluing; 12252; 15584] CallLibrary End
2024-07-10 15:49:08; INFO; Loopback Stream; 12252; 39772] CallLibrary Start
2024-07-10 15:49:08; INFO; Loopback Stream; 12252; 39772] CallLibrary End
2024-07-10 15:49:38; INFO; Loopback Stream; 12252; 30292] CallLibrary Start
2024-07-10 15:49:38; INFO; Loopback Stream; 12252; 30292] CallLibrary End
2024-07-10 15:50:08; INFO; Loopback Stream; 12252; 40460] CallLibrary Start
2024-07-10 15:50:08; INFO; Loopback Stream; 12252; 40460] CallLibrary End
2024-07-10 15:50:38; INFO; Loopback Stream; 12252; 38124] CallLibrary Start
2024-07-10 15:50:38; INFO; Loopback Stream; 12252; 38124] CallLibrary End
2024-07-10 15:51:08; INFO; Loopback Stream; 12252; 31944] CallLibrary Start
2024-07-10 15:51:08; INFO; Loopback Stream; 12252; 31944] CallLibrary End
2024-07-10 15:51:38; INFO; Loopback Stream; 12252; 37756] CallLibrary Start
2024-07-10 15:51:38; INFO; Loopback Stream; 12252; 37756] CallLibrary End
2024-07-10 15:52:08; INFO; Loopback Stream; 12252; 38772] CallLibrary Start
2024-07-10 15:52:08; INFO; Loopback Stream; 12252; 38772] CallLibrary End
2024-07-10 15:52:38; INFO; Loopback Stream; 12252; 39876] CallLibrary Start
2024-07-10 15:52:38; INFO; Loopback Stream; 12252; 39876] CallLibrary End
2024-07-10 15:53:08; INFO; Loopback Stream; 12252; 34416] CallLibrary Start
2024-07-10 15:53:08; INFO; Loopback Stream; 12252; 34416] CallLibrary End
2024-07-10 15:53:38; INFO; Loopback Stream; 12252; 29392] CallLibrary Start
2024-07-10 15:53:38; INFO; Loopback Stream; 12252; 29392] CallLibrary End
2024-07-10 15:54:08; INFO; Loopback Stream; 12252; 36100] CallLibrary Start
2024-07-10 15:54:08; INFO; Loopback Stream; 12252; 36100] CallLibrary End
2024-07-10 15:54:38; INFO; Loopback Stream; 12252; 33828] CallLibrary Start
2024-07-10 15:54:38; INFO; Loopback Stream; 12252; 33828] CallLibrary End
2024-07-10 15:55:08; INFO; Loopback Stream; 12252; 31400] CallLibrary Start
2024-07-10 15:55:08; INFO; Loopback Stream; 12252; 31400] CallLibrary End
2024-07-10 15:55:38; INFO; Loopback Stream; 12252; 14352] CallLibrary Start
2024-07-10 15:55:38; INFO; Loopback Stream; 12252; 14352] CallLibrary End
2024-07-10 15:56:08; INFO; Loopback Stream; 12252; 27620] CallLibrary Start
2024-07-10 15:56:08; INFO; Loopback Stream; 12252; 27620] CallLibrary End
2024-07-10 15:56:10; INFO; User Session Manager; 12252; 12096] OnDeviceChange Start
2024-07-10 15:56:10; INFO; User Session Manager; 12252; 12096] OnDeviceChange End
2024-07-10 15:56:38; INFO; Loopback Stream; 12252; 32096] CallLibrary Start
2024-07-10 15:56:38; INFO; Loopback Stream; 12252; 32096] CallLibrary End
2024-07-10 15:57:08; INFO; Loopback Stream; 12252; 24744] CallLibrary Start
2024-07-10 15:57:08; INFO; Loopback Stream; 12252; 24744] CallLibrary End
2024-07-10 15:57:38; INFO; Loopback Stream; 12252; 348] CallLibrary Start
2024-07-10 15:57:38; INFO; Loopback Stream; 12252; 348] CallLibrary End
2024-07-10 15:58:08; INFO; Loopback Stream; 12252; 21180] CallLibrary Start
2024-07-10 15:58:08; INFO; Loopback Stream; 12252; 21180] CallLibrary End
2024-07-10 15:58:38; INFO; Loopback Stream; 12252; 38696] CallLibrary Start
2024-07-10 15:58:38; INFO; Loopback Stream; 12252; 38696] CallLibrary End
2024-07-10 15:59:08; INFO; Loopback Stream; 12252; 27592] CallLibrary Start
2024-07-10 15:59:08; INFO; Loopback Stream; 12252; 27592] CallLibrary End
2024-07-10 15:59:38; INFO; Loopback Stream; 12252; 29540] CallLibrary Start
2024-07-10 15:59:38; INFO; Loopback Stream; 12252; 29540] CallLibrary End
2024-07-10 16:00:08; INFO; Loopback Stream; 12252; 24184] CallLibrary Start
2024-07-10 16:00:08; INFO; Loopback Stream; 12252; 24184] CallLibrary End
2024-07-10 16:00:38; INFO; Loopback Stream; 12252; 28704] CallLibrary Start
2024-07-10 16:00:38; INFO; Loopback Stream; 12252; 28704] CallLibrary End
2024-07-10 16:01:08; INFO; Loopback Stream; 12252; 40532] CallLibrary Start
2024-07-10 16:01:08; INFO; Loopback Stream; 12252; 40532] CallLibrary End
2024-07-10 16:01:38; INFO; Loopback Stream; 12252; 40712] CallLibrary Start
2024-07-10 16:01:38; INFO; Loopback Stream; 12252; 40712] CallLibrary End
2024-07-10 16:02:08; INFO; Loopback Stream; 12252; 5920] CallLibrary Start
2024-07-10 16:02:08; INFO; Loopback Stream; 12252; 5920] CallLibrary End
2024-07-10 16:02:38; INFO; Loopback Stream; 12252; 34568] CallLibrary Start
2024-07-10 16:02:38; INFO; Loopback Stream; 12252; 34568] CallLibrary End
2024-07-10 16:03:08; INFO; Loopback Stream; 12252; 2792] CallLibrary Start
2024-07-10 16:03:08; INFO; Loopback Stream; 12252; 2792] CallLibrary End
2024-07-10 16:03:38; INFO; Loopback Stream; 12252; 14712] CallLibrary Start
2024-07-10 16:03:38; INFO; Loopback Stream; 12252; 14712] CallLibrary End
2024-07-10 16:04:08; INFO; Loopback Stream; 12252; 30428] CallLibrary Start
2024-07-10 16:04:08; INFO; Loopback Stream; 12252; 30428] CallLibrary End
2024-07-10 16:04:38; INFO; Loopback Stream; 12252; 29080] CallLibrary Start
2024-07-10 16:04:38; INFO; Loopback Stream; 12252; 29080] CallLibrary End
2024-07-10 16:05:08; INFO; Loopback Stream; 12252; 25140] CallLibrary Start
2024-07-10 16:05:08; INFO; Loopback Stream; 12252; 25140] CallLibrary End
2024-07-10 16:05:38; INFO; Loopback Stream; 12252; 2816] CallLibrary Start
2024-07-10 16:05:38; INFO; Loopback Stream; 12252; 2816] CallLibrary End
2024-07-10 16:06:05; INFO; User Session Manager; 12252; 12096] OnDeviceChange Start
2024-07-10 16:06:05; INFO; User Session Manager; 12252; 12096] OnDeviceChange End
2024-07-10 16:06:05; INFO; User Session Manager; 12252; 12096] OnDeviceChange Start
2024-07-10 16:06:05; INFO; User Session Manager; 12252; 12096] OnDeviceChange End
2024-07-10 16:06:08; INFO; Loopback Stream; 12252; 15204] CallLibrary Start
2024-07-10 16:06:08; INFO; Loopback Stream; 12252; 15204] CallLibrary End
2024-07-10 16:06:12; INFO; User Session Manager; 12252; 12096] OnDeviceChange Start
2024-07-10 16:06:12; INFO; User Session Manager; 12252; 12096] OnDeviceChange End
2024-07-10 16:06:12; INFO; User Session Manager; 12252; 12096] OnDeviceChange Start
2024-07-10 16:06:12; INFO; User Session Manager; 12252; 12096] OnDeviceChange End
2024-07-10 16:06:20; INFO; User Session Manager; 12252; 12096] OnDeviceChange Start
2024-07-10 16:06:20; INFO; User Session Manager; 12252; 12096] OnDeviceChange End
2024-07-10 16:06:20; INFO; User Session Manager; 12252; 12096] OnDeviceChange Start
2024-07-10 16:06:20; INFO; User Session Manager; 12252; 12096] OnDeviceChange End
2024-07-10 16:06:38; INFO; Loopback Stream; 12252; 39468] CallLibrary Start
2024-07-10 16:06:38; INFO; Loopback Stream; 12252; 39468] CallLibrary End
2024-07-10 16:07:08; INFO; Loopback Stream; 12252; 25724] CallLibrary Start
2024-07-10 16:07:08; INFO; Loopback Stream; 12252; 25724] CallLibrary End
2024-07-10 16:07:38; INFO; Loopback Stream; 12252; 39012] CallLibrary Start
2024-07-10 16:07:38; INFO; Loopback Stream; 12252; 39012] CallLibrary End
2024-07-10 16:08:08; INFO; Loopback Stream; 12252; 7020] CallLibrary Start
2024-07-10 16:08:08; INFO; Loopback Stream; 12252; 7020] CallLibrary End
2024-07-10 16:08:38; INFO; Loopback Stream; 12252; 7576] CallLibrary Start
2024-07-10 16:08:38; INFO; Loopback Stream; 12252; 7576] CallLibrary End
2024-07-10 16:09:09; INFO; Loopback Stream; 12252; 25852] CallLibrary Start
2024-07-10 16:09:09; INFO; Loopback Stream; 12252; 25852] CallLibrary End
2024-07-10 16:09:39; INFO; Loopback Stream; 12252; 40448] CallLibrary Start
2024-07-10 16:09:39; INFO; Loopback Stream; 12252; 40448] CallLibrary End
2024-07-10 16:10:09; INFO; Loopback Stream; 12252; 33972] CallLibrary Start
2024-07-10 16:10:09; INFO; Loopback Stream; 12252; 33972] CallLibrary End
2024-07-10 16:10:39; INFO; Loopback Stream; 12252; 13228] CallLibrary Start
2024-07-10 16:10:39; INFO; Loopback Stream; 12252; 13228] CallLibrary End
2024-07-10 16:11:09; INFO; Loopback Stream; 12252; 32904] CallLibrary Start
2024-07-10 16:11:09; INFO; Loopback Stream; 12252; 32904] CallLibrary End
2024-07-10 16:11:39; INFO; Loopback Stream; 12252; 27240] CallLibrary Start
2024-07-10 16:11:39; INFO; Loopback Stream; 12252; 27240] CallLibrary End
2024-07-10 16:12:09; INFO; Loopback Stream; 12252; 25084] CallLibrary Start
2024-07-10 16:12:09; INFO; Loopback Stream; 12252; 25084] CallLibrary End
2024-07-10 16:12:39; INFO; Loopback Stream; 12252; 19268] CallLibrary Start
2024-07-10 16:12:39; INFO; Loopback Stream; 12252; 19268] CallLibrary End
2024-07-10 16:13:09; INFO; Loopback Stream; 12252; 32576] CallLibrary Start
2024-07-10 16:13:09; INFO; Loopback Stream; 12252; 32576] CallLibrary End
2024-07-10 16:13:39; INFO; Loopback Stream; 12252; 25204] CallLibrary Start
2024-07-10 16:13:39; INFO; Loopback Stream; 12252; 25204] CallLibrary End
2024-07-10 16:14:09; INFO; Loopback Stream; 12252; 38124] CallLibrary Start
2024-07-10 16:14:09; INFO; Loopback Stream; 12252; 38124] CallLibrary End
2024-07-10 16:14:39; INFO; Loopback Stream; 12252; 21620] CallLibrary Start
2024-07-10 16:14:39; INFO; Loopback Stream; 12252; 21620] CallLibrary End
2024-07-10 16:15:09; INFO; Loopback Stream; 12252; 39080] CallLibrary Start
2024-07-10 16:15:09; INFO; Loopback Stream; 12252; 39080] CallLibrary End
2024-07-10 16:15:39; INFO; Loopback Stream; 12252; 26996] CallLibrary Start
2024-07-10 16:15:39; INFO; Loopback Stream; 12252; 26996] CallLibrary End
2024-07-10 16:16:09; INFO; Loopback Stream; 12252; 26776] CallLibrary Start
2024-07-10 16:16:09; INFO; Loopback Stream; 12252; 26776] CallLibrary End
2024-07-10 16:16:39; INFO; Loopback Stream; 12252; 25132] CallLibrary Start
2024-07-10 16:16:39; INFO; Loopback Stream; 12252; 25132] CallLibrary End
2024-07-10 16:17:09; INFO; Loopback Stream; 12252; 30504] CallLibrary Start
2024-07-10 16:17:09; INFO; Loopback Stream; 12252; 30504] CallLibrary End
2024-07-10 16:17:39; INFO; Loopback Stream; 12252; 38672] CallLibrary Start
2024-07-10 16:17:39; INFO; Loopback Stream; 12252; 38672] CallLibrary End
2024-07-10 16:18:09; INFO; Loopback Stream; 12252; 32372] CallLibrary Start
2024-07-10 16:18:09; INFO; Loopback Stream; 12252; 32372] CallLibrary End
2024-07-10 16:18:39; INFO; Loopback Stream; 12252; 27864] CallLibrary Start
2024-07-10 16:18:39; INFO; Loopback Stream; 12252; 27864] CallLibrary End
2024-07-10 16:19:09; INFO; Loopback Stream; 12252; 29988] CallLibrary Start
2024-07-10 16:19:09; INFO; Loopback Stream; 12252; 29988] CallLibrary End
2024-07-10 16:19:39; INFO; Loopback Stream; 12252; 29348] CallLibrary Start
2024-07-10 16:19:39; INFO; Loopback Stream; 12252; 29348] CallLibrary End
2024-07-10 16:20:09; INFO; Loopback Stream; 12252; 35116] CallLibrary Start
2024-07-10 16:20:09; INFO; Loopback Stream; 12252; 35116] CallLibrary End
2024-07-10 16:20:39; INFO; Loopback Stream; 12252; 27860] CallLibrary Start
2024-07-10 16:20:39; INFO; Loopback Stream; 12252; 27860] CallLibrary End
2024-07-10 16:21:09; INFO; Loopback Stream; 12252; 26300] CallLibrary Start
2024-07-10 16:21:09; INFO; Loopback Stream; 12252; 26300] CallLibrary End
2024-07-10 16:21:39; INFO; Loopback Stream; 12252; 38864] CallLibrary Start
2024-07-10 16:21:39; INFO; Loopback Stream; 12252; 38864] CallLibrary End
2024-07-10 16:22:09; INFO; Loopback Stream; 12252; 37932] CallLibrary Start
2024-07-10 16:22:09; INFO; Loopback Stream; 12252; 37932] CallLibrary End
2024-07-10 16:22:39; INFO; Loopback Stream; 12252; 37536] CallLibrary Start
2024-07-10 16:22:39; INFO; Loopback Stream; 12252; 37536] CallLibrary End
2024-07-10 16:23:09; INFO; Loopback Stream; 12252; 22176] CallLibrary Start
2024-07-10 16:23:09; INFO; Loopback Stream; 12252; 22176] CallLibrary End
2024-07-10 16:23:39; INFO; Loopback Stream; 12252; 40220] CallLibrary Start
2024-07-10 16:23:39; INFO; Loopback Stream; 12252; 40220] CallLibrary End
2024-07-10 16:24:09; INFO; Loopback Stream; 12252; 18928] CallLibrary Start
2024-07-10 16:24:09; INFO; Loopback Stream; 12252; 18928] CallLibrary End
2024-07-10 16:24:39; INFO; Loopback Stream; 12252; 5028] CallLibrary Start
2024-07-10 16:24:39; INFO; Loopback Stream; 12252; 5028] CallLibrary End
2024-07-10 16:25:09; INFO; Loopback Stream; 12252; 33812] CallLibrary Start
2024-07-10 16:25:09; INFO; Loopback Stream; 12252; 33812] CallLibrary End
2024-07-10 16:25:39; INFO; Loopback Stream; 12252; 14060] CallLibrary Start
2024-07-10 16:25:39; INFO; Loopback Stream; 12252; 14060] CallLibrary End
2024-07-10 16:26:09; INFO; Loopback Stream; 12252; 37600] CallLibrary Start
2024-07-10 16:26:09; INFO; Loopback Stream; 12252; 37600] CallLibrary End
2024-07-10 16:26:39; INFO; Loopback Stream; 12252; 37508] CallLibrary Start
2024-07-10 16:26:39; INFO; Loopback Stream; 12252; 37508] CallLibrary End
2024-07-10 16:27:09; INFO; Loopback Stream; 12252; 30624] CallLibrary Start
2024-07-10 16:27:09; INFO; Loopback Stream; 12252; 30624] CallLibrary End
2024-07-10 16:27:39; INFO; Loopback Stream; 12252; 20248] CallLibrary Start
2024-07-10 16:27:39; INFO; Loopback Stream; 12252; 20248] CallLibrary End
2024-07-10 16:28:09; INFO; Loopback Stream; 12252; 31040] CallLibrary Start
2024-07-10 16:28:09; INFO; Loopback Stream; 12252; 31040] CallLibrary End
2024-07-10 16:28:39; INFO; Loopback Stream; 12252; 5124] CallLibrary Start
2024-07-10 16:28:39; INFO; Loopback Stream; 12252; 5124] CallLibrary End
2024-07-10 16:29:09; INFO; Loopback Stream; 12252; 9244] CallLibrary Start
2024-07-10 16:29:09; INFO; Loopback Stream; 12252; 9244] CallLibrary End
2024-07-10 16:29:39; INFO; Loopback Stream; 12252; 36032] CallLibrary Start
2024-07-10 16:29:39; INFO; Loopback Stream; 12252; 36032] CallLibrary End
2024-07-10 16:30:09; INFO; Loopback Stream; 12252; 19080] CallLibrary Start
2024-07-10 16:30:09; INFO; Loopback Stream; 12252; 19080] CallLibrary End
2024-07-10 16:30:39; INFO; Loopback Stream; 12252; 12200] CallLibrary Start
2024-07-10 16:30:39; INFO; Loopback Stream; 12252; 12200] CallLibrary End
2024-07-10 16:31:09; INFO; Loopback Stream; 12252; 17812] CallLibrary Start
2024-07-10 16:31:09; INFO; Loopback Stream; 12252; 17812] CallLibrary End
2024-07-10 16:31:39; INFO; Loopback Stream; 12252; 3404] CallLibrary Start
2024-07-10 16:31:39; INFO; Loopback Stream; 12252; 3404] CallLibrary End
2024-07-10 16:32:09; INFO; Loopback Stream; 12252; 36992] CallLibrary Start
2024-07-10 16:32:09; INFO; Loopback Stream; 12252; 36992] CallLibrary End
2024-07-10 16:32:39; INFO; Loopback Stream; 12252; 23556] CallLibrary Start
2024-07-10 16:32:39; INFO; Loopback Stream; 12252; 23556] CallLibrary End
2024-07-10 16:33:09; INFO; Loopback Stream; 12252; 22788] CallLibrary Start
2024-07-10 16:33:09; INFO; Loopback Stream; 12252; 22788] CallLibrary End
2024-07-10 16:33:39; INFO; Loopback Stream; 12252; 30300] CallLibrary Start
2024-07-10 16:33:39; INFO; Loopback Stream; 12252; 30300] CallLibrary End
2024-07-10 16:34:09; INFO; Loopback Stream; 12252; 34164] CallLibrary Start
2024-07-10 16:34:09; INFO; Loopback Stream; 12252; 34164] CallLibrary End
2024-07-10 16:34:39; INFO; Loopback Stream; 12252; 23492] CallLibrary Start
2024-07-10 16:34:39; INFO; Loopback Stream; 12252; 23492] CallLibrary End
2024-07-10 16:35:09; INFO; Loopback Stream; 12252; 29852] CallLibrary Start
2024-07-10 16:35:09; INFO; Loopback Stream; 12252; 29852] CallLibrary End
2024-07-10 16:35:39; INFO; Loopback Stream; 12252; 35200] CallLibrary Start
2024-07-10 16:35:39; INFO; Loopback Stream; 12252; 35200] CallLibrary End
2024-07-10 16:36:09; INFO; Loopback Stream; 12252; 22840] CallLibrary Start
2024-07-10 16:36:09; INFO; Loopback Stream; 12252; 22840] CallLibrary End
2024-07-10 16:36:39; INFO; Loopback Stream; 12252; 7436] CallLibrary Start
2024-07-10 16:36:39; INFO; Loopback Stream; 12252; 7436] CallLibrary End
2024-07-10 16:37:09; INFO; Loopback Stream; 12252; 32808] CallLibrary Start
2024-07-10 16:37:09; INFO; Loopback Stream; 12252; 32808] CallLibrary End
2024-07-10 16:37:39; INFO; Loopback Stream; 12252; 6180] CallLibrary Start
2024-07-10 16:37:39; INFO; Loopback Stream; 12252; 6180] CallLibrary End
2024-07-10 16:38:09; INFO; Loopback Stream; 12252; 36076] CallLibrary Start
2024-07-10 16:38:09; INFO; Loopback Stream; 12252; 36076] CallLibrary End
2024-07-10 16:38:39; INFO; Loopback Stream; 12252; 28156] CallLibrary Start
2024-07-10 16:38:39; INFO; Loopback Stream; 12252; 28156] CallLibrary End
2024-07-10 16:39:09; INFO; Loopback Stream; 12252; 33428] CallLibrary Start
2024-07-10 16:39:09; INFO; Loopback Stream; 12252; 33428] CallLibrary End
2024-07-10 16:39:39; INFO; Loopback Stream; 12252; 22796] CallLibrary Start
2024-07-10 16:39:39; INFO; Loopback Stream; 12252; 22796] CallLibrary End
2024-07-10 16:40:09; INFO; Loopback Stream; 12252; 2640] CallLibrary Start
2024-07-10 16:40:09; INFO; Loopback Stream; 12252; 2640] CallLibrary End
2024-07-10 16:40:39; INFO; Loopback Stream; 12252; 24700] CallLibrary Start
2024-07-10 16:40:39; INFO; Loopback Stream; 12252; 24700] CallLibrary End
2024-07-10 16:41:09; INFO; Loopback Stream; 12252; 4748] CallLibrary Start
2024-07-10 16:41:09; INFO; Loopback Stream; 12252; 4748] CallLibrary End
2024-07-10 16:41:39; INFO; Loopback Stream; 12252; 33332] CallLibrary Start
2024-07-10 16:41:39; INFO; Loopback Stream; 12252; 33332] CallLibrary End
2024-07-10 16:42:09; INFO; Loopback Stream; 12252; 38976] CallLibrary Start
2024-07-10 16:42:09; INFO; Loopback Stream; 12252; 38976] CallLibrary End
2024-07-10 16:42:39; INFO; Loopback Stream; 12252; 5332] CallLibrary Start
2024-07-10 16:42:39; INFO; Loopback Stream; 12252; 5332] CallLibrary End
2024-07-10 16:43:09; INFO; Loopback Stream; 12252; 38120] CallLibrary Start
2024-07-10 16:43:09; INFO; Loopback Stream; 12252; 38120] CallLibrary End
2024-07-10 16:43:39; INFO; Loopback Stream; 12252; 33312] CallLibrary Start
2024-07-10 16:43:39; INFO; Loopback Stream; 12252; 33312] CallLibrary End
2024-07-10 16:44:09; INFO; Loopback Stream; 12252; 11452] CallLibrary Start
2024-07-10 16:44:09; INFO; Loopback Stream; 12252; 11452] CallLibrary End
2024-07-10 16:44:39; INFO; Loopback Stream; 12252; 36096] CallLibrary Start
2024-07-10 16:44:39; INFO; Loopback Stream; 12252; 36096] CallLibrary End
2024-07-10 16:45:09; INFO; Loopback Stream; 12252; 38384] CallLibrary Start
2024-07-10 16:45:09; INFO; Loopback Stream; 12252; 38384] CallLibrary End
2024-07-10 16:45:39; INFO; Loopback Stream; 12252; 33820] CallLibrary Start
2024-07-10 16:45:39; INFO; Loopback Stream; 12252; 33820] CallLibrary End
2024-07-10 16:46:09; INFO; Loopback Stream; 12252; 17316] CallLibrary Start
2024-07-10 16:46:09; INFO; Loopback Stream; 12252; 17316] CallLibrary End
2024-07-10 16:46:39; INFO; Loopback Stream; 12252; 39704] CallLibrary Start
2024-07-10 16:46:39; INFO; Loopback Stream; 12252; 39704] CallLibrary End
2024-07-10 16:47:09; INFO; Loopback Stream; 12252; 36076] CallLibrary Start
2024-07-10 16:47:09; INFO; Loopback Stream; 12252; 36076] CallLibrary End
2024-07-10 16:47:39; INFO; Loopback Stream; 12252; 20896] CallLibrary Start
2024-07-10 16:47:39; INFO; Loopback Stream; 12252; 20896] CallLibrary End
2024-07-10 16:48:09; INFO; Loopback Stream; 12252; 27132] CallLibrary Start
2024-07-10 16:48:09; INFO; Loopback Stream; 12252; 27132] CallLibrary End
2024-07-10 16:48:39; INFO; Loopback Stream; 12252; 29716] CallLibrary Start
2024-07-10 16:48:39; INFO; Loopback Stream; 12252; 29716] CallLibrary End
2024-07-10 16:49:09; INFO; Loopback Stream; 12252; 11392] CallLibrary Start
2024-07-10 16:49:09; INFO; Loopback Stream; 12252; 11392] CallLibrary End
2024-07-10 16:49:39; INFO; Loopback Stream; 12252; 10716] CallLibrary Start
2024-07-10 16:49:39; INFO; Loopback Stream; 12252; 10716] CallLibrary End
2024-07-10 16:50:09; INFO; Loopback Stream; 12252; 39516] CallLibrary Start
2024-07-10 16:50:09; INFO; Loopback Stream; 12252; 39516] CallLibrary End
2024-07-10 16:50:39; INFO; Loopback Stream; 12252; 32304] CallLibrary Start
2024-07-10 16:50:39; INFO; Loopback Stream; 12252; 32304] CallLibrary End
2024-07-10 16:51:09; INFO; Loopback Stream; 12252; 21948] CallLibrary Start
2024-07-10 16:51:09; INFO; Loopback Stream; 12252; 21948] CallLibrary End
2024-07-10 16:51:39; INFO; Loopback Stream; 12252; 27100] CallLibrary Start
2024-07-10 16:51:39; INFO; Loopback Stream; 12252; 27100] CallLibrary End
2024-07-10 16:52:09; INFO; Loopback Stream; 12252; 33064] CallLibrary Start
2024-07-10 16:52:09; INFO; Loopback Stream; 12252; 33064] CallLibrary End
2024-07-10 16:52:39; INFO; Loopback Stream; 12252; 23724] CallLibrary Start
2024-07-10 16:52:39; INFO; Loopback Stream; 12252; 23724] CallLibrary End
2024-07-10 16:53:09; INFO; Loopback Stream; 12252; 25424] CallLibrary Start
2024-07-10 16:53:09; INFO; Loopback Stream; 12252; 25424] CallLibrary End
2024-07-10 16:53:39; INFO; Loopback Stream; 12252; 36324] CallLibrary Start
2024-07-10 16:53:39; INFO; Loopback Stream; 12252; 36324] CallLibrary End
2024-07-10 16:54:09; INFO; Loopback Stream; 12252; 29972] CallLibrary Start
2024-07-10 16:54:09; INFO; Loopback Stream; 12252; 29972] CallLibrary End
2024-07-10 16:54:39; INFO; Loopback Stream; 12252; 33288] CallLibrary Start
2024-07-10 16:54:39; INFO; Loopback Stream; 12252; 33288] CallLibrary End
2024-07-10 16:55:09; INFO; Loopback Stream; 12252; 32108] CallLibrary Start
2024-07-10 16:55:09; INFO; Loopback Stream; 12252; 32108] CallLibrary End
2024-07-10 16:55:39; INFO; Loopback Stream; 12252; 39384] CallLibrary Start
2024-07-10 16:55:39; INFO; Loopback Stream; 12252; 39384] CallLibrary End
2024-07-10 16:56:09; INFO; Loopback Stream; 12252; 2468] CallLibrary Start
2024-07-10 16:56:09; INFO; Loopback Stream; 12252; 2468] CallLibrary End
2024-07-10 16:56:40; INFO; Loopback Stream; 12252; 34916] CallLibrary Start
2024-07-10 16:56:40; INFO; Loopback Stream; 12252; 34916] CallLibrary End
2024-07-10 16:57:10; INFO; Loopback Stream; 12252; 36996] CallLibrary Start
2024-07-10 16:57:10; INFO; Loopback Stream; 12252; 36996] CallLibrary End
2024-07-10 16:57:40; INFO; Loopback Stream; 12252; 13320] CallLibrary Start
2024-07-10 16:57:40; INFO; Loopback Stream; 12252; 13320] CallLibrary End
2024-07-10 16:58:10; INFO; Loopback Stream; 12252; 11592] CallLibrary Start
2024-07-10 16:58:10; INFO; Loopback Stream; 12252; 11592] CallLibrary End
2024-07-10 16:58:40; INFO; Loopback Stream; 12252; 27504] CallLibrary Start
2024-07-10 16:58:40; INFO; Loopback Stream; 12252; 27504] CallLibrary End
2024-07-10 16:59:10; INFO; Loopback Stream; 12252; 33000] CallLibrary Start
2024-07-10 16:59:10; INFO; Loopback Stream; 12252; 33000] CallLibrary End
2024-07-10 16:59:40; INFO; Loopback Stream; 12252; 26976] CallLibrary Start
2024-07-10 16:59:40; INFO; Loopback Stream; 12252; 26976] CallLibrary End
2024-07-10 17:00:10; INFO; Loopback Stream; 12252; 27152] CallLibrary Start
2024-07-10 17:00:10; INFO; Loopback Stream; 12252; 27152] CallLibrary End
2024-07-10 17:00:40; INFO; Loopback Stream; 12252; 40056] CallLibrary Start
2024-07-10 17:00:40; INFO; Loopback Stream; 12252; 40056] CallLibrary End
2024-07-10 17:01:10; INFO; Loopback Stream; 12252; 35240] CallLibrary Start
2024-07-10 17:01:10; INFO; Loopback Stream; 12252; 35240] CallLibrary End
2024-07-10 17:01:40; INFO; Loopback Stream; 12252; 18220] CallLibrary Start
2024-07-10 17:01:40; INFO; Loopback Stream; 12252; 18220] CallLibrary End
2024-07-10 17:02:10; INFO; Loopback Stream; 12252; 30504] CallLibrary Start
2024-07-10 17:02:10; INFO; Loopback Stream; 12252; 30504] CallLibrary End
2024-07-10 17:02:40; INFO; Loopback Stream; 12252; 29852] CallLibrary Start
2024-07-10 17:02:40; INFO; Loopback Stream; 12252; 29852] CallLibrary End
2024-07-10 17:03:10; INFO; Loopback Stream; 12252; 4996] CallLibrary Start
2024-07-10 17:03:10; INFO; Loopback Stream; 12252; 4996] CallLibrary End
2024-07-10 17:03:40; INFO; Loopback Stream; 12252; 7492] CallLibrary Start
2024-07-10 17:03:40; INFO; Loopback Stream; 12252; 7492] CallLibrary End
2024-07-10 17:04:10; INFO; Loopback Stream; 12252; 18284] CallLibrary Start
2024-07-10 17:04:10; INFO; Loopback Stream; 12252; 18284] CallLibrary End
2024-07-10 17:04:40; INFO; Loopback Stream; 12252; 22312] CallLibrary Start
2024-07-10 17:04:40; INFO; Loopback Stream; 12252; 22312] CallLibrary End
2024-07-10 17:05:10; INFO; Loopback Stream; 12252; 16236] CallLibrary Start
2024-07-10 17:05:10; INFO; Loopback Stream; 12252; 16236] CallLibrary End
2024-07-10 17:05:40; INFO; Loopback Stream; 12252; 30812] CallLibrary Start
2024-07-10 17:05:40; INFO; Loopback Stream; 12252; 30812] CallLibrary End
2024-07-10 17:06:10; INFO; Loopback Stream; 12252; 20520] CallLibrary Start
2024-07-10 17:06:10; INFO; Loopback Stream; 12252; 20520] CallLibrary End
2024-07-10 17:06:40; INFO; Loopback Stream; 12252; 38728] CallLibrary Start
2024-07-10 17:06:40; INFO; Loopback Stream; 12252; 38728] CallLibrary End
2024-07-10 17:07:10; INFO; Loopback Stream; 12252; 20728] CallLibrary Start
2024-07-10 17:07:10; INFO; Loopback Stream; 12252; 20728] CallLibrary End
2024-07-10 17:07:40; INFO; Loopback Stream; 12252; 27508] CallLibrary Start
2024-07-10 17:07:40; INFO; Loopback Stream; 12252; 27508] CallLibrary End
2024-07-10 17:08:10; INFO; Loopback Stream; 12252; 6536] CallLibrary Start
2024-07-10 17:08:10; INFO; Loopback Stream; 12252; 6536] CallLibrary End
2024-07-10 17:08:40; INFO; Loopback Stream; 12252; 10864] CallLibrary Start
2024-07-10 17:08:40; INFO; Loopback Stream; 12252; 10864] CallLibrary End
2024-07-10 17:09:10; INFO; Loopback Stream; 12252; 24984] CallLibrary Start
2024-07-10 17:09:10; INFO; Loopback Stream; 12252; 24984] CallLibrary End
2024-07-10 17:09:40; INFO; Loopback Stream; 12252; 24784] CallLibrary Start
2024-07-10 17:09:40; INFO; Loopback Stream; 12252; 24784] CallLibrary End
2024-07-10 17:10:10; INFO; Loopback Stream; 12252; 40924] CallLibrary Start
2024-07-10 17:10:10; INFO; Loopback Stream; 12252; 40924] CallLibrary End
2024-07-10 17:10:40; INFO; Loopback Stream; 12252; 36692] CallLibrary Start
2024-07-10 17:10:40; INFO; Loopback Stream; 12252; 36692] CallLibrary End
2024-07-10 17:11:10; INFO; Loopback Stream; 12252; 39964] CallLibrary Start
2024-07-10 17:11:10; INFO; Loopback Stream; 12252; 39964] CallLibrary End
2024-07-10 17:11:40; INFO; Loopback Stream; 12252; 21972] CallLibrary Start
2024-07-10 17:11:40; INFO; Loopback Stream; 12252; 21972] CallLibrary End
2024-07-10 17:12:10; INFO; Loopback Stream; 12252; 17972] CallLibrary Start
2024-07-10 17:12:10; INFO; Loopback Stream; 12252; 17972] CallLibrary End
2024-07-10 17:12:40; INFO; Loopback Stream; 12252; 35524] CallLibrary Start
2024-07-10 17:12:40; INFO; Loopback Stream; 12252; 35524] CallLibrary End
2024-07-10 17:13:10; INFO; Loopback Stream; 12252; 39368] CallLibrary Start
2024-07-10 17:13:10; INFO; Loopback Stream; 12252; 39368] CallLibrary End
2024-07-10 17:13:40; INFO; Loopback Stream; 12252; 34248] CallLibrary Start
2024-07-10 17:13:40; INFO; Loopback Stream; 12252; 34248] CallLibrary End
2024-07-10 17:14:10; INFO; Loopback Stream; 12252; 36664] CallLibrary Start
2024-07-10 17:14:10; INFO; Loopback Stream; 12252; 36664] CallLibrary End
2024-07-10 17:14:40; INFO; Loopback Stream; 12252; 21412] CallLibrary Start
2024-07-10 17:14:40; INFO; Loopback Stream; 12252; 21412] CallLibrary End
2024-07-10 17:15:10; INFO; Loopback Stream; 12252; 28860] CallLibrary Start
2024-07-10 17:15:10; INFO; Loopback Stream; 12252; 28860] CallLibrary End
2024-07-10 17:15:40; INFO; Loopback Stream; 12252; 22436] CallLibrary Start
2024-07-10 17:15:40; INFO; Loopback Stream; 12252; 22436] CallLibrary End
2024-07-10 17:16:10; INFO; Loopback Stream; 12252; 35564] CallLibrary Start
2024-07-10 17:16:10; INFO; Loopback Stream; 12252; 35564] CallLibrary End
2024-07-10 17:16:40; INFO; Loopback Stream; 12252; 36452] CallLibrary Start
2024-07-10 17:16:40; INFO; Loopback Stream; 12252; 36452] CallLibrary End
2024-07-10 17:17:10; INFO; Loopback Stream; 12252; 4712] CallLibrary Start
2024-07-10 17:17:10; INFO; Loopback Stream; 12252; 4712] CallLibrary End
2024-07-10 17:17:40; INFO; Loopback Stream; 12252; 19068] CallLibrary Start
2024-07-10 17:17:40; INFO; Loopback Stream; 12252; 19068] CallLibrary End
2024-07-10 17:18:10; INFO; Loopback Stream; 12252; 5988] CallLibrary Start
2024-07-10 17:18:10; INFO; Loopback Stream; 12252; 5988] CallLibrary End
2024-07-10 17:18:40; INFO; Loopback Stream; 12252; 24468] CallLibrary Start
2024-07-10 17:18:40; INFO; Loopback Stream; 12252; 24468] CallLibrary End
2024-07-10 17:19:10; INFO; Loopback Stream; 12252; 36512] CallLibrary Start
2024-07-10 17:19:10; INFO; Loopback Stream; 12252; 36512] CallLibrary End
2024-07-10 17:19:40; INFO; Loopback Stream; 12252; 18236] CallLibrary Start
2024-07-10 17:19:40; INFO; Loopback Stream; 12252; 18236] CallLibrary End
2024-07-10 17:20:10; INFO; Loopback Stream; 12252; 1092] CallLibrary Start
2024-07-10 17:20:10; INFO; Loopback Stream; 12252; 1092] CallLibrary End
2024-07-10 17:20:40; INFO; Loopback Stream; 12252; 14348] CallLibrary Start
2024-07-10 17:20:40; INFO; Loopback Stream; 12252; 14348] CallLibrary End
2024-07-10 17:21:10; INFO; Loopback Stream; 12252; 25444] CallLibrary Start
2024-07-10 17:21:10; INFO; Loopback Stream; 12252; 25444] CallLibrary End
2024-07-10 17:21:40; INFO; Loopback Stream; 12252; 39436] CallLibrary Start
2024-07-10 17:21:40; INFO; Loopback Stream; 12252; 39436] CallLibrary End
2024-07-10 17:22:10; INFO; Loopback Stream; 12252; 29372] CallLibrary Start
2024-07-10 17:22:10; INFO; Loopback Stream; 12252; 29372] CallLibrary End
2024-07-10 17:22:40; INFO; Loopback Stream; 12252; 3000] CallLibrary Start
2024-07-10 17:22:40; INFO; Loopback Stream; 12252; 3000] CallLibrary End
2024-07-10 17:23:10; INFO; Loopback Stream; 12252; 36692] CallLibrary Start
2024-07-10 17:23:10; INFO; Loopback Stream; 12252; 36692] CallLibrary End
2024-07-10 17:23:40; INFO; Loopback Stream; 12252; 35024] CallLibrary Start
2024-07-10 17:23:40; INFO; Loopback Stream; 12252; 35024] CallLibrary End
2024-07-10 17:24:10; INFO; Loopback Stream; 12252; 40076] CallLibrary Start
2024-07-10 17:24:10; INFO; Loopback Stream; 12252; 40076] CallLibrary End
2024-07-10 17:24:40; INFO; Loopback Stream; 12252; 37648] CallLibrary Start
2024-07-10 17:24:40; INFO; Loopback Stream; 12252; 37648] CallLibrary End
2024-07-10 17:24:43; INFO; User Session Manager; 12252; 12096] OnPowerChange Start
2024-07-10 17:24:43; INFO; User Session Manager; 12252; 12096] OnPowerChange End
2024-07-10 17:24:51; INFO; User Session Manager; 12252; 12096] OnPowerChange Start
2024-07-10 17:24:51; INFO; User Session Manager; 12252; 12096] OnPowerChange End
2024-07-10 17:25:10; INFO; Loopback Stream; 12252; 39796] CallLibrary Start
2024-07-10 17:25:10; INFO; Loopback Stream; 12252; 39796] CallLibrary End
2024-07-10 17:25:40; INFO; Loopback Stream; 12252; 40464] CallLibrary Start
2024-07-10 17:25:40; INFO; Loopback Stream; 12252; 40464] CallLibrary End
2024-07-10 17:26:10; INFO; Loopback Stream; 12252; 11716] CallLibrary Start
2024-07-10 17:26:10; INFO; Loopback Stream; 12252; 11716] CallLibrary End
2024-07-10 17:26:40; INFO; Loopback Stream; 12252; 21780] CallLibrary Start
2024-07-10 17:26:40; INFO; Loopback Stream; 12252; 21780] CallLibrary End
2024-07-10 17:27:10; INFO; Loopback Stream; 12252; 36356] CallLibrary Start
2024-07-10 17:27:10; INFO; Loopback Stream; 12252; 36356] CallLibrary End
2024-07-10 17:27:40; INFO; Loopback Stream; 12252; 27084] CallLibrary Start
2024-07-10 17:27:40; INFO; Loopback Stream; 12252; 27084] CallLibrary End
2024-07-10 17:28:10; INFO; Loopback Stream; 12252; 39516] CallLibrary Start
2024-07-10 17:28:10; INFO; Loopback Stream; 12252; 39516] CallLibrary End
2024-07-10 17:28:40; INFO; Loopback Stream; 12252; 34380] CallLibrary Start
2024-07-10 17:28:40; INFO; Loopback Stream; 12252; 34380] CallLibrary End
2024-07-10 17:29:10; INFO; Loopback Stream; 12252; 23276] CallLibrary Start
2024-07-10 17:29:10; INFO; Loopback Stream; 12252; 23276] CallLibrary End
2024-07-10 17:29:40; INFO; Loopback Stream; 12252; 23688] CallLibrary Start
2024-07-10 17:29:40; INFO; Loopback Stream; 12252; 23688] CallLibrary End
2024-07-10 17:30:10; INFO; Loopback Stream; 12252; 24532] CallLibrary Start
2024-07-10 17:30:10; INFO; Loopback Stream; 12252; 24532] CallLibrary End
2024-07-10 17:30:40; INFO; Loopback Stream; 12252; 27000] CallLibrary Start
2024-07-10 17:30:40; INFO; Loopback Stream; 12252; 27000] CallLibrary End
2024-07-10 17:31:10; INFO; Loopback Stream; 12252; 29760] CallLibrary Start
2024-07-10 17:31:10; INFO; Loopback Stream; 12252; 29760] CallLibrary End
2024-07-10 17:31:40; INFO; Loopback Stream; 12252; 33440] CallLibrary Start
2024-07-10 17:31:40; INFO; Loopback Stream; 12252; 33440] CallLibrary End
2024-07-10 17:32:10; INFO; Loopback Stream; 12252; 7308] CallLibrary Start
2024-07-10 17:32:10; INFO; Loopback Stream; 12252; 7308] CallLibrary End
2024-07-10 17:32:40; INFO; Loopback Stream; 12252; 13912] CallLibrary Start
2024-07-10 17:32:40; INFO; Loopback Stream; 12252; 13912] CallLibrary End
2024-07-10 17:33:10; INFO; Loopback Stream; 12252; 15532] CallLibrary Start
2024-07-10 17:33:10; INFO; Loopback Stream; 12252; 15532] CallLibrary End
2024-07-10 17:33:40; INFO; Loopback Stream; 12252; 31296] CallLibrary Start
2024-07-10 17:33:40; INFO; Loopback Stream; 12252; 31296] CallLibrary End
2024-07-10 17:34:10; INFO; Loopback Stream; 12252; 33076] CallLibrary Start
2024-07-10 17:34:10; INFO; Loopback Stream; 12252; 33076] CallLibrary End
2024-07-10 17:34:40; INFO; Loopback Stream; 12252; 400] CallLibrary Start
2024-07-10 17:34:40; INFO; Loopback Stream; 12252; 400] CallLibrary End
2024-07-10 17:35:10; INFO; Loopback Stream; 12252; 34144] CallLibrary Start
2024-07-10 17:35:10; INFO; Loopback Stream; 12252; 34144] CallLibrary End
2024-07-10 17:35:40; INFO; Loopback Stream; 12252; 2424] CallLibrary Start
2024-07-10 17:35:40; INFO; Loopback Stream; 12252; 2424] CallLibrary End
2024-07-10 17:36:10; INFO; Loopback Stream; 12252; 17860] CallLibrary Start
2024-07-10 17:36:10; INFO; Loopback Stream; 12252; 17860] CallLibrary End
2024-07-10 17:36:40; INFO; Loopback Stream; 12252; 21744] CallLibrary Start
2024-07-10 17:36:40; INFO; Loopback Stream; 12252; 21744] CallLibrary End
2024-07-10 17:37:10; INFO; Loopback Stream; 12252; 37936] CallLibrary Start
2024-07-10 17:37:10; INFO; Loopback Stream; 12252; 37936] CallLibrary End
2024-07-10 17:37:40; INFO; Loopback Stream; 12252; 20536] CallLibrary Start
2024-07-10 17:37:40; INFO; Loopback Stream; 12252; 20536] CallLibrary End
2024-07-10 17:38:10; INFO; Loopback Stream; 12252; 10216] CallLibrary Start
2024-07-10 17:38:10; INFO; Loopback Stream; 12252; 10216] CallLibrary End
2024-07-10 17:38:40; INFO; Loopback Stream; 12252; 40096] CallLibrary Start
2024-07-10 17:38:40; INFO; Loopback Stream; 12252; 40096] CallLibrary End
2024-07-10 17:39:10; INFO; Loopback Stream; 12252; 27704] CallLibrary Start
2024-07-10 17:39:10; INFO; Loopback Stream; 12252; 27704] CallLibrary End
2024-07-10 17:39:40; INFO; Loopback Stream; 12252; 29288] CallLibrary Start
2024-07-10 17:39:40; INFO; Loopback Stream; 12252; 29288] CallLibrary End
2024-07-10 17:40:10; INFO; Loopback Stream; 12252; 23960] CallLibrary Start
2024-07-10 17:40:10; INFO; Loopback Stream; 12252; 23960] CallLibrary End
2024-07-10 17:40:40; INFO; Loopback Stream; 12252; 34652] CallLibrary Start
2024-07-10 17:40:40; INFO; Loopback Stream; 12252; 34652] CallLibrary End
2024-07-10 17:40:55; INFO; User Session Manager; 12252; 12096] OnDeviceChange Start
2024-07-10 17:40:55; INFO; User Session Manager; 12252; 12096] OnDeviceChange End
2024-07-10 17:41:10; INFO; Loopback Stream; 12252; 40128] CallLibrary Start
2024-07-10 17:41:10; INFO; Loopback Stream; 12252; 40128] CallLibrary End
2024-07-10 17:41:40; INFO; Loopback Stream; 12252; 27332] CallLibrary Start
2024-07-10 17:41:40; INFO; Loopback Stream; 12252; 27332] CallLibrary End
2024-07-10 17:42:10; INFO; Loopback Stream; 12252; 16832] CallLibrary Start
2024-07-10 17:42:10; INFO; Loopback Stream; 12252; 16832] CallLibrary End
2024-07-10 17:42:41; INFO; Loopback Stream; 12252; 27804] CallLibrary Start
2024-07-10 17:42:41; INFO; Loopback Stream; 12252; 27804] CallLibrary End
2024-07-10 17:43:11; INFO; Loopback Stream; 12252; 25084] CallLibrary Start
2024-07-10 17:43:11; INFO; Loopback Stream; 12252; 25084] CallLibrary End
2024-07-10 17:43:41; INFO; Loopback Stream; 12252; 30452] CallLibrary Start
2024-07-10 17:43:41; INFO; Loopback Stream; 12252; 30452] CallLibrary End
2024-07-10 17:44:11; INFO; Loopback Stream; 12252; 11024] CallLibrary Start
2024-07-10 17:44:11; INFO; Loopback Stream; 12252; 11024] CallLibrary End
2024-07-10 17:44:41; INFO; Loopback Stream; 12252; 24892] CallLibrary Start
2024-07-10 17:44:41; INFO; Loopback Stream; 12252; 24892] CallLibrary End
2024-07-10 17:45:11; INFO; Loopback Stream; 12252; 38832] CallLibrary Start
2024-07-10 17:45:11; INFO; Loopback Stream; 12252; 38832] CallLibrary End
2024-07-10 17:45:41; INFO; Loopback Stream; 12252; 31444] CallLibrary Start
2024-07-10 17:45:41; INFO; Loopback Stream; 12252; 31444] CallLibrary End
2024-07-10 17:46:11; INFO; Loopback Stream; 12252; 9004] CallLibrary Start
2024-07-10 17:46:11; INFO; Loopback Stream; 12252; 9004] CallLibrary End
2024-07-10 17:46:41; INFO; Loopback Stream; 12252; 29448] CallLibrary Start
2024-07-10 17:46:41; INFO; Loopback Stream; 12252; 29448] CallLibrary End
2024-07-10 17:47:11; INFO; Loopback Stream; 12252; 3712] CallLibrary Start
2024-07-10 17:47:11; INFO; Loopback Stream; 12252; 3712] CallLibrary End
2024-07-10 17:47:41; INFO; Loopback Stream; 12252; 37036] CallLibrary Start
2024-07-10 17:47:41; INFO; Loopback Stream; 12252; 37036] CallLibrary End
2024-07-10 17:48:11; INFO; Loopback Stream; 12252; 25648] CallLibrary Start
2024-07-10 17:48:11; INFO; Loopback Stream; 12252; 25648] CallLibrary End
2024-07-10 17:48:41; INFO; Loopback Stream; 12252; 32976] CallLibrary Start
2024-07-10 17:48:41; INFO; Loopback Stream; 12252; 32976] CallLibrary End
2024-07-10 17:49:11; INFO; Loopback Stream; 12252; 21240] CallLibrary Start
2024-07-10 17:49:11; INFO; Loopback Stream; 12252; 21240] CallLibrary End
2024-07-10 17:49:41; INFO; Loopback Stream; 12252; 36520] CallLibrary Start
2024-07-10 17:49:41; INFO; Loopback Stream; 12252; 36520] CallLibrary End
2024-07-10 17:50:11; INFO; Loopback Stream; 12252; 16236] CallLibrary Start
2024-07-10 17:50:11; INFO; Loopback Stream; 12252; 16236] CallLibrary End
2024-07-10 17:50:41; INFO; Loopback Stream; 12252; 39420] CallLibrary Start
2024-07-10 17:50:41; INFO; Loopback Stream; 12252; 39420] CallLibrary End
2024-07-10 17:51:11; INFO; Loopback Stream; 12252; 37648] CallLibrary Start
2024-07-10 17:51:11; INFO; Loopback Stream; 12252; 37648] CallLibrary End
2024-07-10 17:51:41; INFO; Loopback Stream; 12252; 33916] CallLibrary Start
2024-07-10 17:51:41; INFO; Loopback Stream; 12252; 33916] CallLibrary End
2024-07-10 17:52:11; INFO; Loopback Stream; 12252; 27152] CallLibrary Start
2024-07-10 17:52:11; INFO; Loopback Stream; 12252; 27152] CallLibrary End
2024-07-10 17:52:41; INFO; Loopback Stream; 12252; 37264] CallLibrary Start
2024-07-10 17:52:41; INFO; Loopback Stream; 12252; 37264] CallLibrary End
2024-07-10 17:53:11; INFO; Loopback Stream; 12252; 35812] CallLibrary Start
2024-07-10 17:53:11; INFO; Loopback Stream; 12252; 35812] CallLibrary End
2024-07-10 17:53:41; INFO; Loopback Stream; 12252; 37500] CallLibrary Start
2024-07-10 17:53:41; INFO; Loopback Stream; 12252; 37500] CallLibrary End
2024-07-10 17:54:11; INFO; Loopback Stream; 12252; 40508] CallLibrary Start
2024-07-10 17:54:11; INFO; Loopback Stream; 12252; 40508] CallLibrary End
2024-07-10 17:54:41; INFO; Loopback Stream; 12252; 22056] CallLibrary Start
2024-07-10 17:54:41; INFO; Loopback Stream; 12252; 22056] CallLibrary End
2024-07-10 17:55:11; INFO; Loopback Stream; 12252; 22564] CallLibrary Start
2024-07-10 17:55:11; INFO; Loopback Stream; 12252; 22564] CallLibrary End
2024-07-10 17:55:41; INFO; Loopback Stream; 12252; 33828] CallLibrary Start
2024-07-10 17:55:41; INFO; Loopback Stream; 12252; 33828] CallLibrary End
2024-07-10 17:56:11; INFO; Loopback Stream; 12252; 20448] CallLibrary Start
2024-07-10 17:56:11; INFO; Loopback Stream; 12252; 20448] CallLibrary End
2024-07-10 17:56:41; INFO; Loopback Stream; 12252; 28860] CallLibrary Start
2024-07-10 17:56:41; INFO; Loopback Stream; 12252; 28860] CallLibrary End
2024-07-10 17:57:11; INFO; Loopback Stream; 12252; 16368] CallLibrary Start
2024-07-10 17:57:11; INFO; Loopback Stream; 12252; 16368] CallLibrary End
2024-07-10 17:57:41; INFO; Loopback Stream; 12252; 26352] CallLibrary Start
2024-07-10 17:57:41; INFO; Loopback Stream; 12252; 26352] CallLibrary End
2024-07-10 17:58:11; INFO; Loopback Stream; 12252; 36852] CallLibrary Start
2024-07-10 17:58:11; INFO; Loopback Stream; 12252; 36852] CallLibrary End
2024-07-10 17:58:12; INFO; User Session Manager; 12252; 12096] OnPowerChange Start
2024-07-10 17:58:12; INFO; User Session Manager; 12252; 12096] OnPowerChange End
2024-07-10 17:58:41; INFO; Loopback Stream; 12252; 22860] CallLibrary Start
2024-07-10 17:58:41; INFO; Loopback Stream; 12252; 22860] CallLibrary End
2024-07-10 17:59:11; INFO; Loopback Stream; 12252; 23988] CallLibrary Start
2024-07-10 17:59:11; INFO; Loopback Stream; 12252; 23988] CallLibrary End
2024-07-10 17:59:41; INFO; Loopback Stream; 12252; 37900] CallLibrary Start
2024-07-10 17:59:41; INFO; Loopback Stream; 12252; 37900] CallLibrary End
2024-07-10 18:00:11; INFO; Loopback Stream; 12252; 29716] CallLibrary Start
2024-07-10 18:00:11; INFO; Loopback Stream; 12252; 29716] CallLibrary End
2024-07-10 18:00:41; INFO; Loopback Stream; 12252; 33244] CallLibrary Start
2024-07-10 18:00:41; INFO; Loopback Stream; 12252; 33244] CallLibrary End
2024-07-10 18:01:11; INFO; Loopback Stream; 12252; 29928] CallLibrary Start
2024-07-10 18:01:11; INFO; Loopback Stream; 12252; 29928] CallLibrary End
2024-07-10 18:01:41; INFO; Loopback Stream; 12252; 19452] CallLibrary Start
2024-07-10 18:01:41; INFO; Loopback Stream; 12252; 19452] CallLibrary End
2024-07-10 18:02:11; INFO; Loopback Stream; 12252; 40064] CallLibrary Start
2024-07-10 18:02:11; INFO; Loopback Stream; 12252; 40064] CallLibrary End
2024-07-10 18:02:41; INFO; Loopback Stream; 12252; 26968] CallLibrary Start
2024-07-10 18:02:41; INFO; Loopback Stream; 12252; 26968] CallLibrary End
2024-07-10 18:03:11; INFO; Loopback Stream; 12252; 33964] CallLibrary Start
2024-07-10 18:03:11; INFO; Loopback Stream; 12252; 33964] CallLibrary End
2024-07-10 18:03:41; INFO; Loopback Stream; 12252; 39888] CallLibrary Start
2024-07-10 18:03:41; INFO; Loopback Stream; 12252; 39888] CallLibrary End
2024-07-10 18:04:11; INFO; Loopback Stream; 12252; 37384] CallLibrary Start
2024-07-10 18:04:11; INFO; Loopback Stream; 12252; 37384] CallLibrary End
2024-07-10 18:04:41; INFO; Loopback Stream; 12252; 10668] CallLibrary Start
2024-07-10 18:04:41; INFO; Loopback Stream; 12252; 10668] CallLibrary End
2024-07-10 18:05:11; INFO; Loopback Stream; 12252; 23724] CallLibrary Start
2024-07-10 18:05:11; INFO; Loopback Stream; 12252; 23724] CallLibrary End
2024-07-10 18:05:41; INFO; Loopback Stream; 12252; 17772] CallLibrary Start
2024-07-10 18:05:41; INFO; Loopback Stream; 12252; 17772] CallLibrary End
2024-07-10 18:06:11; INFO; Loopback Stream; 12252; 40348] CallLibrary Start
2024-07-10 18:06:11; INFO; Loopback Stream; 12252; 40348] CallLibrary End
2024-07-10 18:06:41; INFO; Loopback Stream; 12252; 35260] CallLibrary Start
2024-07-10 18:06:41; INFO; Loopback Stream; 12252; 35260] CallLibrary End
2024-07-10 18:07:11; INFO; Loopback Stream; 12252; 22508] CallLibrary Start
2024-07-10 18:07:11; INFO; Loopback Stream; 12252; 22508] CallLibrary End
2024-07-10 18:07:41; INFO; Loopback Stream; 12252; 29852] CallLibrary Start
2024-07-10 18:07:41; INFO; Loopback Stream; 12252; 29852] CallLibrary End
2024-07-10 18:08:11; INFO; Loopback Stream; 12252; 21868] CallLibrary Start
2024-07-10 18:08:11; INFO; Loopback Stream; 12252; 21868] CallLibrary End
2024-07-10 18:08:41; INFO; Loopback Stream; 12252; 4428] CallLibrary Start
2024-07-10 18:08:41; INFO; Loopback Stream; 12252; 4428] CallLibrary End
2024-07-10 18:09:11; INFO; Loopback Stream; 12252; 24056] CallLibrary Start
2024-07-10 18:09:11; INFO; Loopback Stream; 12252; 24056] CallLibrary End
2024-07-10 18:09:41; INFO; Loopback Stream; 12252; 11784] CallLibrary Start
2024-07-10 18:09:41; INFO; Loopback Stream; 12252; 11784] CallLibrary End
2024-07-10 18:10:11; INFO; Loopback Stream; 12252; 40172] CallLibrary Start
2024-07-10 18:10:11; INFO; Loopback Stream; 12252; 40172] CallLibrary End
2024-07-10 18:10:41; INFO; Loopback Stream; 12252; 25712] CallLibrary Start
2024-07-10 18:10:41; INFO; Loopback Stream; 12252; 25712] CallLibrary End
2024-07-10 18:11:11; INFO; Loopback Stream; 12252; 900] CallLibrary Start
2024-07-10 18:11:11; INFO; Loopback Stream; 12252; 900] CallLibrary End
2024-07-10 18:11:41; INFO; Loopback Stream; 12252; 24316] CallLibrary Start
2024-07-10 18:11:41; INFO; Loopback Stream; 12252; 24316] CallLibrary End
2024-07-10 18:12:11; INFO; Loopback Stream; 12252; 3432] CallLibrary Start
2024-07-10 18:12:11; INFO; Loopback Stream; 12252; 3432] CallLibrary End
2024-07-10 18:12:41; INFO; Loopback Stream; 12252; 12928] CallLibrary Start
2024-07-10 18:12:41; INFO; Loopback Stream; 12252; 12928] CallLibrary End
2024-07-10 18:13:11; INFO; Loopback Stream; 12252; 12404] CallLibrary Start
2024-07-10 18:13:11; INFO; Loopback Stream; 12252; 12404] CallLibrary End
2024-07-10 18:13:41; INFO; Loopback Stream; 12252; 11808] CallLibrary Start
2024-07-10 18:13:41; INFO; Loopback Stream; 12252; 11808] CallLibrary End
2024-07-10 18:14:11; INFO; Loopback Stream; 12252; 29024] CallLibrary Start
2024-07-10 18:14:11; INFO; Loopback Stream; 12252; 29024] CallLibrary End
2024-07-10 18:14:41; INFO; Loopback Stream; 12252; 1464] CallLibrary Start
2024-07-10 18:14:41; INFO; Loopback Stream; 12252; 1464] CallLibrary End
2024-07-10 18:15:11; INFO; Loopback Stream; 12252; 40448] CallLibrary Start
2024-07-10 18:15:11; INFO; Loopback Stream; 12252; 40448] CallLibrary End
2024-07-10 18:15:41; INFO; Loopback Stream; 12252; 38512] CallLibrary Start
2024-07-10 18:15:41; INFO; Loopback Stream; 12252; 38512] CallLibrary End
2024-07-10 18:16:11; INFO; Loopback Stream; 12252; 19164] CallLibrary Start
2024-07-10 18:16:11; INFO; Loopback Stream; 12252; 19164] CallLibrary End
2024-07-10 18:16:41; INFO; Loopback Stream; 12252; 37984] CallLibrary Start
2024-07-10 18:16:41; INFO; Loopback Stream; 12252; 37984] CallLibrary End
2024-07-10 18:17:11; INFO; Loopback Stream; 12252; 13908] CallLibrary Start
2024-07-10 18:17:11; INFO; Loopback Stream; 12252; 13908] CallLibrary End
2024-07-10 18:17:41; INFO; Loopback Stream; 12252; 26284] CallLibrary Start
2024-07-10 18:17:41; INFO; Loopback Stream; 12252; 26284] CallLibrary End
2024-07-10 18:18:11; INFO; Loopback Stream; 12252; 24712] CallLibrary Start
2024-07-10 18:18:11; INFO; Loopback Stream; 12252; 24712] CallLibrary End
2024-07-10 18:18:41; INFO; Loopback Stream; 12252; 33164] CallLibrary Start
2024-07-10 18:18:41; INFO; Loopback Stream; 12252; 33164] CallLibrary End
2024-07-10 18:19:11; INFO; Loopback Stream; 12252; 39140] CallLibrary Start
2024-07-10 18:19:11; INFO; Loopback Stream; 12252; 39140] CallLibrary End
2024-07-10 18:19:41; INFO; Loopback Stream; 12252; 2196] CallLibrary Start
2024-07-10 18:19:41; INFO; Loopback Stream; 12252; 2196] CallLibrary End
2024-07-10 18:20:11; INFO; Loopback Stream; 12252; 33124] CallLibrary Start
2024-07-10 18:20:11; INFO; Loopback Stream; 12252; 33124] CallLibrary End
2024-07-10 18:20:41; INFO; Loopback Stream; 12252; 21356] CallLibrary Start
2024-07-10 18:20:41; INFO; Loopback Stream; 12252; 21356] CallLibrary End
2024-07-10 18:21:11; INFO; Loopback Stream; 12252; 40916] CallLibrary Start
2024-07-10 18:21:11; INFO; Loopback Stream; 12252; 40916] CallLibrary End
2024-07-10 18:21:41; INFO; Loopback Stream; 12252; 34848] CallLibrary Start
2024-07-10 18:21:41; INFO; Loopback Stream; 12252; 34848] CallLibrary End
2024-07-10 18:22:11; INFO; Loopback Stream; 12252; 16768] CallLibrary Start
2024-07-10 18:22:11; INFO; Loopback Stream; 12252; 16768] CallLibrary End
2024-07-10 18:22:41; INFO; Loopback Stream; 12252; 40544] CallLibrary Start
2024-07-10 18:22:41; INFO; Loopback Stream; 12252; 40544] CallLibrary End
2024-07-10 18:23:11; INFO; Loopback Stream; 12252; 14384] CallLibrary Start
2024-07-10 18:23:11; INFO; Loopback Stream; 12252; 14384] CallLibrary End
2024-07-10 18:23:41; INFO; Loopback Stream; 12252; 24680] CallLibrary Start
2024-07-10 18:23:41; INFO; Loopback Stream; 12252; 24680] CallLibrary End
2024-07-10 18:24:11; INFO; Loopback Stream; 12252; 30708] CallLibrary Start
2024-07-10 18:24:11; INFO; Loopback Stream; 12252; 30708] CallLibrary End
2024-07-10 18:24:41; INFO; Loopback Stream; 12252; 39064] CallLibrary Start
2024-07-10 18:24:41; INFO; Loopback Stream; 12252; 39064] CallLibrary End
2024-07-10 18:25:11; INFO; Loopback Stream; 12252; 29384] CallLibrary Start
2024-07-10 18:25:11; INFO; Loopback Stream; 12252; 29384] CallLibrary End
2024-07-10 18:25:41; INFO; Loopback Stream; 12252; 35240] CallLibrary Start
2024-07-10 18:25:41; INFO; Loopback Stream; 12252; 35240] CallLibrary End
2024-07-10 18:26:11; INFO; Loopback Stream; 12252; 30984] CallLibrary Start
2024-07-10 18:26:11; INFO; Loopback Stream; 12252; 30984] CallLibrary End
2024-07-10 18:26:41; INFO; Loopback Stream; 12252; 39392] CallLibrary Start
2024-07-10 18:26:41; INFO; Loopback Stream; 12252; 39392] CallLibrary End
2024-07-10 18:27:12; INFO; Loopback Stream; 12252; 31464] CallLibrary Start
2024-07-10 18:27:12; INFO; Loopback Stream; 12252; 31464] CallLibrary End
2024-07-10 18:27:42; INFO; Loopback Stream; 12252; 18104] CallLibrary Start
2024-07-10 18:27:42; INFO; Loopback Stream; 12252; 18104] CallLibrary End
2024-07-10 18:28:12; INFO; Loopback Stream; 12252; 20996] CallLibrary Start
2024-07-10 18:28:12; INFO; Loopback Stream; 12252; 20996] CallLibrary End
2024-07-10 18:28:42; INFO; Loopback Stream; 12252; 7520] CallLibrary Start
2024-07-10 18:28:42; INFO; Loopback Stream; 12252; 7520] CallLibrary End
2024-07-10 18:29:12; INFO; Loopback Stream; 12252; 40360] CallLibrary Start
2024-07-10 18:29:12; INFO; Loopback Stream; 12252; 40360] CallLibrary End
2024-07-10 18:29:42; INFO; Loopback Stream; 12252; 12404] CallLibrary Start
2024-07-10 18:29:42; INFO; Loopback Stream; 12252; 12404] CallLibrary End
2024-07-10 18:30:12; INFO; Loopback Stream; 12252; 29024] CallLibrary Start
2024-07-10 18:30:12; INFO; Loopback Stream; 12252; 29024] CallLibrary End
2024-07-10 18:30:42; INFO; Loopback Stream; 12252; 35312] CallLibrary Start
2024-07-10 18:30:42; INFO; Loopback Stream; 12252; 35312] CallLibrary End
2024-07-10 18:31:12; INFO; Loopback Stream; 12252; 40104] CallLibrary Start
2024-07-10 18:31:12; INFO; Loopback Stream; 12252; 40104] CallLibrary End
2024-07-10 18:31:42; INFO; Loopback Stream; 12252; 2180] CallLibrary Start
2024-07-10 18:31:42; INFO; Loopback Stream; 12252; 2180] CallLibrary End
2024-07-10 18:32:12; INFO; Loopback Stream; 12252; 30480] CallLibrary Start
2024-07-10 18:32:12; INFO; Loopback Stream; 12252; 30480] CallLibrary End
2024-07-10 18:32:42; INFO; Loopback Stream; 12252; 30152] CallLibrary Start
2024-07-10 18:32:42; INFO; Loopback Stream; 12252; 30152] CallLibrary End
2024-07-10 18:33:12; INFO; Loopback Stream; 12252; 40920] CallLibrary Start
2024-07-10 18:33:12; INFO; Loopback Stream; 12252; 40920] CallLibrary End
2024-07-10 18:33:42; INFO; Loopback Stream; 12252; 30860] CallLibrary Start
2024-07-10 18:33:42; INFO; Loopback Stream; 12252; 30860] CallLibrary End
2024-07-10 18:34:12; INFO; Loopback Stream; 12252; 38640] CallLibrary Start
2024-07-10 18:34:12; INFO; Loopback Stream; 12252; 38640] CallLibrary End
2024-07-10 18:34:42; INFO; Loopback Stream; 12252; 16820] CallLibrary Start
2024-07-10 18:34:42; INFO; Loopback Stream; 12252; 16820] CallLibrary End
2024-07-10 18:35:12; INFO; Loopback Stream; 12252; 13348] CallLibrary Start
2024-07-10 18:35:12; INFO; Loopback Stream; 12252; 13348] CallLibrary End
2024-07-10 18:35:42; INFO; Loopback Stream; 12252; 16536] CallLibrary Start
2024-07-10 18:35:42; INFO; Loopback Stream; 12252; 16536] CallLibrary End
2024-07-10 18:36:12; INFO; Loopback Stream; 12252; 31604] CallLibrary Start
2024-07-10 18:36:12; INFO; Loopback Stream; 12252; 31604] CallLibrary End
2024-07-10 18:36:42; INFO; Loopback Stream; 12252; 28772] CallLibrary Start
2024-07-10 18:36:42; INFO; Loopback Stream; 12252; 28772] CallLibrary End
2024-07-10 18:37:12; INFO; Loopback Stream; 12252; 37540] CallLibrary Start
2024-07-10 18:37:12; INFO; Loopback Stream; 12252; 37540] CallLibrary End
2024-07-10 18:37:42; INFO; Loopback Stream; 12252; 10876] CallLibrary Start
2024-07-10 18:37:42; INFO; Loopback Stream; 12252; 10876] CallLibrary End
2024-07-10 18:38:12; INFO; Loopback Stream; 12252; 2792] CallLibrary Start
2024-07-10 18:38:12; INFO; Loopback Stream; 12252; 2792] CallLibrary End
2024-07-10 18:38:42; INFO; Loopback Stream; 12252; 27280] CallLibrary Start
2024-07-10 18:38:42; INFO; Loopback Stream; 12252; 27280] CallLibrary End
2024-07-10 18:39:12; INFO; Loopback Stream; 12252; 17528] CallLibrary Start
2024-07-10 18:39:12; INFO; Loopback Stream; 12252; 17528] CallLibrary End
2024-07-10 18:39:42; INFO; Loopback Stream; 12252; 27784] CallLibrary Start
2024-07-10 18:39:42; INFO; Loopback Stream; 12252; 27784] CallLibrary End
2024-07-10 18:40:12; INFO; Loopback Stream; 12252; 37360] CallLibrary Start
2024-07-10 18:40:12; INFO; Loopback Stream; 12252; 37360] CallLibrary End
2024-07-10 18:40:42; INFO; Loopback Stream; 12252; 26768] CallLibrary Start
2024-07-10 18:40:42; INFO; Loopback Stream; 12252; 26768] CallLibrary End
2024-07-10 18:41:12; INFO; Loopback Stream; 12252; 34944] CallLibrary Start
2024-07-10 18:41:12; INFO; Loopback Stream; 12252; 34944] CallLibrary End
2024-07-10 18:41:42; INFO; Loopback Stream; 12252; 26968] CallLibrary Start
2024-07-10 18:41:42; INFO; Loopback Stream; 12252; 26968] CallLibrary End
2024-07-10 18:42:12; INFO; Loopback Stream; 12252; 2008] CallLibrary Start
2024-07-10 18:42:12; INFO; Loopback Stream; 12252; 2008] CallLibrary End
2024-07-10 18:42:42; INFO; Loopback Stream; 12252; 10608] CallLibrary Start
2024-07-10 18:42:42; INFO; Loopback Stream; 12252; 10608] CallLibrary End
2024-07-10 18:43:12; INFO; Loopback Stream; 12252; 33356] CallLibrary Start
2024-07-10 18:43:12; INFO; Loopback Stream; 12252; 33356] CallLibrary End
2024-07-10 18:43:42; INFO; Loopback Stream; 12252; 5608] CallLibrary Start
2024-07-10 18:43:42; INFO; Loopback Stream; 12252; 5608] CallLibrary End
2024-07-10 18:44:12; INFO; Loopback Stream; 12252; 10864] CallLibrary Start
2024-07-10 18:44:12; INFO; Loopback Stream; 12252; 10864] CallLibrary End
2024-07-10 18:44:42; INFO; Loopback Stream; 12252; 23104] CallLibrary Start
2024-07-10 18:44:42; INFO; Loopback Stream; 12252; 23104] CallLibrary End
2024-07-10 18:45:12; INFO; Loopback Stream; 12252; 38216] CallLibrary Start
2024-07-10 18:45:12; INFO; Loopback Stream; 12252; 38216] CallLibrary End
2024-07-10 18:45:42; INFO; Loopback Stream; 12252; 27600] CallLibrary Start
2024-07-10 18:45:42; INFO; Loopback Stream; 12252; 27600] CallLibrary End
2024-07-10 18:46:12; INFO; Loopback Stream; 12252; 20604] CallLibrary Start
2024-07-10 18:46:12; INFO; Loopback Stream; 12252; 20604] CallLibrary End
2024-07-10 18:46:42; INFO; Loopback Stream; 12252; 29940] CallLibrary Start
2024-07-10 18:46:42; INFO; Loopback Stream; 12252; 29940] CallLibrary End
2024-07-10 18:47:12; INFO; Loopback Stream; 12252; 31516] CallLibrary Start
2024-07-10 18:47:12; INFO; Loopback Stream; 12252; 31516] CallLibrary End
2024-07-10 18:47:42; INFO; Loopback Stream; 12252; 39504] CallLibrary Start
2024-07-10 18:47:42; INFO; Loopback Stream; 12252; 39504] CallLibrary End
2024-07-10 18:48:12; INFO; Loopback Stream; 12252; 35668] CallLibrary Start
2024-07-10 18:48:12; INFO; Loopback Stream; 12252; 35668] CallLibrary End
2024-07-10 18:48:42; INFO; Loopback Stream; 12252; 12368] CallLibrary Start
2024-07-10 18:48:42; INFO; Loopback Stream; 12252; 12368] CallLibrary End
2024-07-10 18:49:12; INFO; Loopback Stream; 12252; 2480] CallLibrary Start
2024-07-10 18:49:12; INFO; Loopback Stream; 12252; 2480] CallLibrary End
2024-07-10 18:49:42; INFO; Loopback Stream; 12252; 29760] CallLibrary Start
2024-07-10 18:49:42; INFO; Loopback Stream; 12252; 29760] CallLibrary End
2024-07-10 18:50:12; INFO; Loopback Stream; 12252; 20152] CallLibrary Start
2024-07-10 18:50:12; INFO; Loopback Stream; 12252; 20152] CallLibrary End
2024-07-10 18:50:42; INFO; Loopback Stream; 12252; 4016] CallLibrary Start
2024-07-10 18:50:42; INFO; Loopback Stream; 12252; 4016] CallLibrary End
2024-07-10 18:51:12; INFO; Loopback Stream; 12252; 31396] CallLibrary Start
2024-07-10 18:51:12; INFO; Loopback Stream; 12252; 31396] CallLibrary End
2024-07-10 18:51:42; INFO; Loopback Stream; 12252; 22152] CallLibrary Start
2024-07-10 18:51:42; INFO; Loopback Stream; 12252; 22152] CallLibrary End
2024-07-10 18:52:12; INFO; Loopback Stream; 12252; 26788] CallLibrary Start
2024-07-10 18:52:12; INFO; Loopback Stream; 12252; 26788] CallLibrary End
2024-07-10 18:52:42; INFO; Loopback Stream; 12252; 25480] CallLibrary Start
2024-07-10 18:52:42; INFO; Loopback Stream; 12252; 25480] CallLibrary End
2024-07-10 18:53:12; INFO; Loopback Stream; 12252; 26720] CallLibrary Start
2024-07-10 18:53:12; INFO; Loopback Stream; 12252; 26720] CallLibrary End
2024-07-10 18:53:42; INFO; Loopback Stream; 12252; 33588] CallLibrary Start
2024-07-10 18:53:42; INFO; Loopback Stream; 12252; 33588] CallLibrary End
2024-07-10 18:54:12; INFO; Loopback Stream; 12252; 8424] CallLibrary Start
2024-07-10 18:54:12; INFO; Loopback Stream; 12252; 8424] CallLibrary End
